# JRE version: OpenJDK Runtime Environment Temurin-17.0.8.1+1 (17.0.8.1+1) (build 17.0.8.1+1)
# Java VM: OpenJDK 64-Bit Server VM Temurin-17.0.8.1+1 (17.0.8.1+1, mixed mode, emulated-client, tiered, compressed oops, compressed class ptrs, g1 gc, windows-amd64)
GC Precious Log:
 CPUs: 4 total, 4 available
 Memory: 8067M
 Large Page Support: Disabled
 NUMA Support: Disabled
 Compressed Oops: Enabled (32-bit)
 Heap Region Size: 1M
 Heap Min Capacity: 8M
 Heap Initial Capacity: 128M
 Heap Max Capacity: 2018M
 Pre-touch: Disabled
 Parallel Workers: 4
 Concurrent Workers: 1
 Concurrent Refinement Workers: 4
 Periodic GC: Disabled
Heap:
 garbage-first heap   total 131072K, used 34966K [0x0000000081e00000, 0x0000000100000000)
  region size 1024K, 3 young (3072K), 3 survivors (3072K)
 Metaspace       used 78142K, committed 78784K, reserved 1179648K
  class space    used 11008K, committed 11328K, reserved 1048576K
GC Heap History (20 events):
Event: 3.333 GC heap after
{Heap after GC invocations=12 (full 0):
 garbage-first heap   total 65536K, used 21228K [0x0000000081e00000, 0x0000000100000000)
  region size 1024K, 5 young (5120K), 5 survivors (5120K)
 Metaspace       used 41775K, committed 42304K, reserved 1114112K
  class space    used 5348K, committed 5632K, reserved 1048576K
}
Event: 3.813 GC heap before
{Heap before GC invocations=12 (full 0):
 garbage-first heap   total 65536K, used 48876K [0x0000000081e00000, 0x0000000100000000)
  region size 1024K, 32 young (32768K), 5 survivors (5120K)
 Metaspace       used 46764K, committed 47296K, reserved 1114112K
  class space    used 6086K, committed 6336K, reserved 1048576K
}
Event: 3.820 GC heap after
{Heap after GC invocations=13 (full 0):
 garbage-first heap   total 65536K, used 22811K [0x0000000081e00000, 0x0000000100000000)
  region size 1024K, 2 young (2048K), 2 survivors (2048K)
 Metaspace       used 46764K, committed 47296K, reserved 1114112K
  class space    used 6086K, committed 6336K, reserved 1048576K
}
Event: 4.344 GC heap before
{Heap before GC invocations=13 (full 0):
 garbage-first heap   total 65536K, used 49435K [0x0000000081e00000, 0x0000000100000000)
  region size 1024K, 29 young (29696K), 2 survivors (2048K)
 Metaspace       used 52835K, committed 53376K, reserved 1114112K
  class space    used 6985K, committed 7232K, reserved 1048576K
}
Event: 4.351 GC heap after
{Heap after GC invocations=14 (full 0):
 garbage-first heap   total 65536K, used 24670K [0x0000000081e00000, 0x0000000100000000)
  region size 1024K, 4 young (4096K), 4 survivors (4096K)
 Metaspace       used 52835K, committed 53376K, reserved 1114112K
  class space    used 6985K, committed 7232K, reserved 1048576K
}
Event: 4.845 GC heap before
{Heap before GC invocations=14 (full 0):
 garbage-first heap   total 65536K, used 50270K [0x0000000081e00000, 0x0000000100000000)
  region size 1024K, 29 young (29696K), 4 survivors (4096K)
 Metaspace       used 57628K, committed 58112K, reserved 1114112K
  class space    used 7620K, committed 7872K, reserved 1048576K
}
Event: 4.850 GC heap after
{Heap after GC invocations=15 (full 0):
 garbage-first heap   total 78848K, used 26137K [0x0000000081e00000, 0x0000000100000000)
  region size 1024K, 4 young (4096K), 4 survivors (4096K)
 Metaspace       used 57628K, committed 58112K, reserved 1114112K
  class space    used 7620K, committed 7872K, reserved 1048576K
}
Event: 5.008 GC heap before
{Heap before GC invocations=15 (full 0):
 garbage-first heap   total 78848K, used 33305K [0x0000000081e00000, 0x0000000100000000)
  region size 1024K, 13 young (13312K), 4 survivors (4096K)
 Metaspace       used 60288K, committed 60736K, reserved 1114112K
  class space    used 8091K, committed 8320K, reserved 1048576K
}
Event: 5.013 GC heap after
{Heap after GC invocations=16 (full 0):
 garbage-first heap   total 78848K, used 26619K [0x0000000081e00000, 0x0000000100000000)
  region size 1024K, 2 young (2048K), 2 survivors (2048K)
 Metaspace       used 60288K, committed 60736K, reserved 1114112K
  class space    used 8091K, committed 8320K, reserved 1048576K
}
Event: 5.735 GC heap before
{Heap before GC invocations=17 (full 0):
 garbage-first heap   total 78848K, used 62459K [0x0000000081e00000, 0x0000000100000000)
  region size 1024K, 37 young (37888K), 2 survivors (2048K)
 Metaspace       used 67196K, committed 67712K, reserved 1114112K
  class space    used 9211K, committed 9472K, reserved 1048576K
}
Event: 5.741 GC heap after
{Heap after GC invocations=18 (full 0):
 garbage-first heap   total 78848K, used 27900K [0x0000000081e00000, 0x0000000100000000)
  region size 1024K, 4 young (4096K), 4 survivors (4096K)
 Metaspace       used 67196K, committed 67712K, reserved 1114112K
  class space    used 9211K, committed 9472K, reserved 1048576K
}
Event: 5.745 GC heap before
{Heap before GC invocations=18 (full 0):
 garbage-first heap   total 78848K, used 28924K [0x0000000081e00000, 0x0000000100000000)
  region size 1024K, 5 young (5120K), 4 survivors (4096K)
 Metaspace       used 67196K, committed 67712K, reserved 1114112K
  class space    used 9211K, committed 9472K, reserved 1048576K
}
Event: 5.749 GC heap after
{Heap after GC invocations=19 (full 0):
 garbage-first heap   total 78848K, used 28326K [0x0000000081e00000, 0x0000000100000000)
  region size 1024K, 1 young (1024K), 1 survivors (1024K)
 Metaspace       used 67196K, committed 67712K, reserved 1114112K
  class space    used 9211K, committed 9472K, reserved 1048576K
}
Event: 6.247 GC heap before
{Heap before GC invocations=19 (full 0):
 garbage-first heap   total 78848K, used 63142K [0x0000000081e00000, 0x0000000100000000)
  region size 1024K, 35 young (35840K), 1 survivors (1024K)
 Metaspace       used 72825K, committed 73472K, reserved 1114112K
  class space    used 10104K, committed 10432K, reserved 1048576K
}
Event: 6.252 GC heap after
{Heap after GC invocations=20 (full 0):
 garbage-first heap   total 78848K, used 30847K [0x0000000081e00000, 0x0000000100000000)
  region size 1024K, 4 young (4096K), 4 survivors (4096K)
 Metaspace       used 72825K, committed 73472K, reserved 1114112K
  class space    used 10104K, committed 10432K, reserved 1048576K
}
Event: 6.465 GC heap before
{Heap before GC invocations=21 (full 0):
 garbage-first heap   total 78848K, used 61567K [0x0000000081e00000, 0x0000000100000000)
  region size 1024K, 35 young (35840K), 4 survivors (4096K)
 Metaspace       used 75559K, committed 76160K, reserved 1179648K
  class space    used 10640K, committed 10944K, reserved 1048576K
}
Event: 6.471 GC heap after
{Heap after GC invocations=22 (full 0):
 garbage-first heap   total 78848K, used 32533K [0x0000000081e00000, 0x0000000100000000)
  region size 1024K, 2 young (2048K), 2 survivors (2048K)
 Metaspace       used 75559K, committed 76160K, reserved 1179648K
  class space    used 10640K, committed 10944K, reserved 1048576K
}
Event: 6.474 GC heap before
{Heap before GC invocations=22 (full 0):
 garbage-first heap   total 78848K, used 33557K [0x0000000081e00000, 0x0000000100000000)
  region size 1024K, 3 young (3072K), 2 survivors (2048K)
 Metaspace       used 75559K, committed 76160K, reserved 1179648K
  class space    used 10640K, committed 10944K, reserved 1048576K
}
Event: 6.478 GC heap after
{Heap after GC invocations=23 (full 0):
 garbage-first heap   total 78848K, used 32763K [0x0000000081e00000, 0x0000000100000000)
  region size 1024K, 1 young (1024K), 1 survivors (1024K)
 Metaspace       used 75559K, committed 76160K, reserved 1179648K
  class space    used 10640K, committed 10944K, reserved 1048576K
}
Event: 6.860 GC heap before
{Heap before GC invocations=23 (full 0):
 garbage-first heap   total 78848K, used 62459K [0x0000000081e00000, 0x0000000100000000)
  region size 1024K, 30 young (30720K), 1 survivors (1024K)
 Metaspace       used 78142K, committed 78784K, reserved 1179648K
  class space    used 11008K, committed 11328K, reserved 1048576K
}

